<?xml version="1.0" encoding="UTF-8"?>
<testsuite xmlns:xsi="http://www.w3.org/2001/XMLSchema-instance" xsi:noNamespaceSchemaLocation="https://maven.apache.org/surefire/maven-surefire-plugin/xsd/surefire-test-report.xsd" name="com.travelhub.core.services.DestinationServiceImplTest" time="0.051" tests="6" errors="0" skipped="0" failures="0">
  <properties>
[...]
</properties>
  <testcase name="testGetByInvalidPath" classname="com.travelhub.core.services.DestinationServiceImplTest" time="0"/>
  <testcase name="testGetByContinentWithNull" classname="com.travelhub.core.services.DestinationServiceImplTest" time="0"/>
  <testcase name="testGetAllDestinations" classname="com.travelhub.core.services.DestinationServiceImplTest" time="0.004"/>
  <testcase name="testGetByPath" classname="com.travelhub.core.services.DestinationServiceImplTest" time="0.004"/>
  <testcase name="testGetFeaturedDestinations" classname="com.travelhub.core.services.DestinationServiceImplTest" time="0.007"/>
  <testcase name="testGetByContinent" classname="com.travelhub.core.services.DestinationServiceImplTest" time="0.006"/>
</testsuite>